2023/02/11 08:29:47 [notice] 1#1: using the "epoll" event method
2023/02/11 08:29:47 [notice] 1#1: nginx/1.23.3
2023/02/11 08:29:47 [notice] 1#1: built by gcc 12.2.1 20220924 (Alpine 12.2.1_git20220924-r4) 
2023/02/11 08:29:47 [notice] 1#1: OS: Linux 5.4.0-137-generic
2023/02/11 08:29:47 [notice] 1#1: getrlimit(RLIMIT_NOFILE): 1048576:1048576
2023/02/11 08:29:47 [notice] 1#1: start worker processes
2023/02/11 08:29:47 [notice] 1#1: start worker process 19
2023/02/11 08:29:47 [notice] 1#1: start worker process 20
2023/02/11 09:06:53 [notice] 1#1: signal 3 (SIGQUIT) received, shutting down
2023/02/11 09:06:53 [notice] 19#19: gracefully shutting down
2023/02/11 09:06:53 [notice] 20#20: gracefully shutting down
2023/02/11 09:06:53 [notice] 20#20: exiting
2023/02/11 09:06:53 [notice] 19#19: exiting
2023/02/11 09:06:53 [notice] 19#19: exit
2023/02/11 09:06:53 [notice] 20#20: exit
2023/02/11 09:06:53 [notice] 1#1: signal 17 (SIGCHLD) received from 19
2023/02/11 09:06:53 [notice] 1#1: worker process 19 exited with code 0
2023/02/11 09:06:53 [notice] 1#1: signal 29 (SIGIO) received
2023/02/11 09:06:53 [notice] 1#1: signal 17 (SIGCHLD) received from 20
2023/02/11 09:06:53 [notice] 1#1: worker process 20 exited with code 0
2023/02/11 09:06:53 [notice] 1#1: exit
2023/02/11 09:07:02 [notice] 1#1: using the "epoll" event method
2023/02/11 09:07:02 [notice] 1#1: nginx/1.23.3
2023/02/11 09:07:02 [notice] 1#1: built by gcc 12.2.1 20220924 (Alpine 12.2.1_git20220924-r4) 
2023/02/11 09:07:02 [notice] 1#1: OS: Linux 5.4.0-137-generic
2023/02/11 09:07:02 [notice] 1#1: getrlimit(RLIMIT_NOFILE): 1048576:1048576
2023/02/11 09:07:02 [notice] 1#1: start worker processes
2023/02/11 09:07:02 [notice] 1#1: start worker process 19
2023/02/11 09:07:02 [notice] 1#1: start worker process 20
2023/02/11 09:31:39 [notice] 1#1: signal 3 (SIGQUIT) received, shutting down
2023/02/11 09:31:39 [notice] 19#19: gracefully shutting down
2023/02/11 09:31:39 [notice] 20#20: gracefully shutting down
2023/02/11 09:31:39 [notice] 20#20: exiting
2023/02/11 09:31:39 [notice] 19#19: exiting
2023/02/11 09:31:39 [notice] 20#20: exit
2023/02/11 09:31:39 [notice] 19#19: exit
2023/02/11 09:31:39 [notice] 1#1: signal 17 (SIGCHLD) received from 20
2023/02/11 09:31:39 [notice] 1#1: worker process 20 exited with code 0
2023/02/11 09:31:39 [notice] 1#1: signal 29 (SIGIO) received
2023/02/11 09:31:39 [notice] 1#1: signal 17 (SIGCHLD) received from 19
2023/02/11 09:31:39 [notice] 1#1: worker process 19 exited with code 0
2023/02/11 09:31:39 [notice] 1#1: exit
2023/02/11 09:31:47 [notice] 1#1: using the "epoll" event method
2023/02/11 09:31:47 [notice] 1#1: nginx/1.23.3
2023/02/11 09:31:47 [notice] 1#1: built by gcc 12.2.1 20220924 (Alpine 12.2.1_git20220924-r4) 
2023/02/11 09:31:47 [notice] 1#1: OS: Linux 5.4.0-137-generic
2023/02/11 09:31:47 [notice] 1#1: getrlimit(RLIMIT_NOFILE): 1048576:1048576
2023/02/11 09:31:47 [notice] 1#1: start worker processes
2023/02/11 09:31:47 [notice] 1#1: start worker process 19
2023/02/11 09:31:47 [notice] 1#1: start worker process 20
2023/02/11 09:33:45 [notice] 1#1: signal 3 (SIGQUIT) received, shutting down
2023/02/11 09:33:45 [notice] 19#19: gracefully shutting down
2023/02/11 09:33:45 [notice] 19#19: exiting
2023/02/11 09:33:45 [notice] 19#19: exit
2023/02/11 09:33:45 [notice] 20#20: gracefully shutting down
2023/02/11 09:33:45 [notice] 20#20: exiting
2023/02/11 09:33:45 [notice] 20#20: exit
2023/02/11 09:33:45 [notice] 1#1: signal 17 (SIGCHLD) received from 20
2023/02/11 09:33:45 [notice] 1#1: worker process 20 exited with code 0
2023/02/11 09:33:45 [notice] 1#1: signal 29 (SIGIO) received
2023/02/11 09:33:45 [notice] 1#1: signal 17 (SIGCHLD) received from 19
2023/02/11 09:33:45 [notice] 1#1: worker process 19 exited with code 0
2023/02/11 09:33:45 [notice] 1#1: exit
2023/02/11 09:33:50 [notice] 1#1: using the "epoll" event method
2023/02/11 09:33:50 [notice] 1#1: nginx/1.23.3
2023/02/11 09:33:50 [notice] 1#1: built by gcc 12.2.1 20220924 (Alpine 12.2.1_git20220924-r4) 
2023/02/11 09:33:50 [notice] 1#1: OS: Linux 5.4.0-137-generic
2023/02/11 09:33:50 [notice] 1#1: getrlimit(RLIMIT_NOFILE): 1048576:1048576
2023/02/11 09:33:50 [notice] 1#1: start worker processes
2023/02/11 09:33:50 [notice] 1#1: start worker process 20
2023/02/11 09:33:50 [notice] 1#1: start worker process 21
2023/02/11 18:57:17 [notice] 1#1: signal 3 (SIGQUIT) received, shutting down
2023/02/11 18:57:17 [notice] 21#21: gracefully shutting down
2023/02/11 18:57:17 [notice] 20#20: gracefully shutting down
2023/02/11 18:57:17 [notice] 20#20: exiting
2023/02/11 18:57:17 [notice] 21#21: exiting
2023/02/11 18:57:17 [notice] 20#20: exit
2023/02/11 18:57:17 [notice] 21#21: exit
2023/02/11 18:57:17 [notice] 1#1: signal 17 (SIGCHLD) received from 21
2023/02/11 18:57:17 [notice] 1#1: worker process 21 exited with code 0
2023/02/11 18:57:17 [notice] 1#1: signal 29 (SIGIO) received
2023/02/11 18:57:17 [notice] 1#1: signal 17 (SIGCHLD) received from 20
2023/02/11 18:57:17 [notice] 1#1: worker process 20 exited with code 0
2023/02/11 18:57:17 [notice] 1#1: exit
2023/02/11 20:41:13 [notice] 1#1: using the "epoll" event method
2023/02/11 20:41:13 [notice] 1#1: nginx/1.23.3
2023/02/11 20:41:13 [notice] 1#1: built by gcc 12.2.1 20220924 (Alpine 12.2.1_git20220924-r4) 
2023/02/11 20:41:13 [notice] 1#1: OS: Linux 5.4.0-137-generic
2023/02/11 20:41:13 [notice] 1#1: getrlimit(RLIMIT_NOFILE): 1048576:1048576
2023/02/11 20:41:13 [notice] 1#1: start worker processes
2023/02/11 20:41:13 [notice] 1#1: start worker process 19
2023/02/11 20:41:13 [notice] 1#1: start worker process 20
2023/02/11 20:53:45 [notice] 1#1: signal 3 (SIGQUIT) received, shutting down
2023/02/11 20:53:46 [notice] 20#20: gracefully shutting down
2023/02/11 20:53:46 [notice] 20#20: exiting
2023/02/11 20:53:46 [notice] 19#19: gracefully shutting down
2023/02/11 20:53:46 [notice] 19#19: exiting
2023/02/11 20:53:46 [notice] 20#20: exit
2023/02/11 20:53:46 [notice] 19#19: exit
2023/02/11 20:53:46 [notice] 1#1: signal 17 (SIGCHLD) received from 20
2023/02/11 20:53:46 [notice] 1#1: worker process 19 exited with code 0
2023/02/11 20:53:46 [notice] 1#1: worker process 20 exited with code 0
2023/02/11 20:53:46 [notice] 1#1: exit
2023/02/11 20:53:47 [notice] 1#1: using the "epoll" event method
2023/02/11 20:53:47 [notice] 1#1: nginx/1.23.3
2023/02/11 20:53:47 [notice] 1#1: built by gcc 12.2.1 20220924 (Alpine 12.2.1_git20220924-r4) 
2023/02/11 20:53:47 [notice] 1#1: OS: Linux 5.4.0-137-generic
2023/02/11 20:53:47 [notice] 1#1: getrlimit(RLIMIT_NOFILE): 1048576:1048576
2023/02/11 20:53:47 [notice] 1#1: start worker processes
2023/02/11 20:53:47 [notice] 1#1: start worker process 20
2023/02/11 20:53:47 [notice] 1#1: start worker process 21
2023/02/11 21:14:00 [notice] 1#1: signal 3 (SIGQUIT) received, shutting down
2023/02/11 21:14:00 [notice] 20#20: gracefully shutting down
2023/02/11 21:14:00 [notice] 20#20: exiting
2023/02/11 21:14:00 [notice] 20#20: exit
2023/02/11 21:14:00 [notice] 21#21: gracefully shutting down
2023/02/11 21:14:00 [notice] 21#21: exiting
2023/02/11 21:14:00 [notice] 21#21: exit
2023/02/11 21:14:00 [notice] 1#1: signal 17 (SIGCHLD) received from 20
2023/02/11 21:14:00 [notice] 1#1: worker process 20 exited with code 0
2023/02/11 21:14:00 [notice] 1#1: worker process 21 exited with code 0
2023/02/11 21:14:00 [notice] 1#1: exit
2023/02/11 21:14:06 [notice] 1#1: using the "epoll" event method
2023/02/11 21:14:06 [notice] 1#1: nginx/1.23.3
2023/02/11 21:14:06 [notice] 1#1: built by gcc 12.2.1 20220924 (Alpine 12.2.1_git20220924-r4) 
2023/02/11 21:14:06 [notice] 1#1: OS: Linux 5.4.0-137-generic
2023/02/11 21:14:06 [notice] 1#1: getrlimit(RLIMIT_NOFILE): 1048576:1048576
2023/02/11 21:14:06 [notice] 1#1: start worker processes
2023/02/11 21:14:06 [notice] 1#1: start worker process 20
2023/02/11 21:14:06 [notice] 1#1: start worker process 21
2023/02/11 22:27:41 [notice] 1#1: signal 3 (SIGQUIT) received, shutting down
2023/02/11 22:27:41 [notice] 20#20: gracefully shutting down
2023/02/11 22:27:41 [notice] 21#21: gracefully shutting down
2023/02/11 22:27:41 [notice] 20#20: exiting
2023/02/11 22:27:41 [notice] 20#20: exit
2023/02/11 22:27:41 [notice] 21#21: exiting
2023/02/11 22:27:41 [notice] 21#21: exit
2023/02/11 22:27:42 [notice] 1#1: signal 17 (SIGCHLD) received from 21
2023/02/11 22:27:42 [notice] 1#1: worker process 21 exited with code 0
2023/02/11 22:27:42 [notice] 1#1: signal 29 (SIGIO) received
2023/02/11 22:27:42 [notice] 1#1: signal 17 (SIGCHLD) received from 20
2023/02/11 22:27:42 [notice] 1#1: worker process 20 exited with code 0
2023/02/11 22:27:42 [notice] 1#1: exit
2023/02/11 23:07:26 [notice] 1#1: using the "epoll" event method
2023/02/11 23:07:26 [notice] 1#1: nginx/1.23.3
2023/02/11 23:07:26 [notice] 1#1: built by gcc 12.2.1 20220924 (Alpine 12.2.1_git20220924-r4) 
2023/02/11 23:07:26 [notice] 1#1: OS: Linux 5.4.0-137-generic
2023/02/11 23:07:26 [notice] 1#1: getrlimit(RLIMIT_NOFILE): 1048576:1048576
2023/02/11 23:07:26 [notice] 1#1: start worker processes
2023/02/11 23:07:26 [notice] 1#1: start worker process 20
2023/02/11 23:07:26 [notice] 1#1: start worker process 21
2023/02/11 23:16:45 [notice] 1#1: signal 3 (SIGQUIT) received, shutting down
2023/02/11 23:16:45 [notice] 21#21: gracefully shutting down
2023/02/11 23:16:45 [notice] 21#21: exiting
2023/02/11 23:16:45 [notice] 21#21: exit
2023/02/11 23:16:45 [notice] 20#20: gracefully shutting down
2023/02/11 23:16:45 [notice] 20#20: exiting
2023/02/11 23:16:45 [notice] 20#20: exit
2023/02/11 23:16:45 [notice] 1#1: signal 17 (SIGCHLD) received from 21
2023/02/11 23:16:45 [notice] 1#1: worker process 21 exited with code 0
2023/02/11 23:16:45 [notice] 1#1: signal 29 (SIGIO) received
2023/02/11 23:16:45 [notice] 1#1: signal 17 (SIGCHLD) received from 20
2023/02/11 23:16:45 [notice] 1#1: worker process 20 exited with code 0
2023/02/11 23:16:45 [notice] 1#1: exit
2023/02/11 23:17:53 [notice] 1#1: using the "epoll" event method
2023/02/11 23:17:53 [notice] 1#1: nginx/1.23.3
2023/02/11 23:17:53 [notice] 1#1: built by gcc 12.2.1 20220924 (Alpine 12.2.1_git20220924-r4) 
2023/02/11 23:17:53 [notice] 1#1: OS: Linux 5.4.0-137-generic
2023/02/11 23:17:53 [notice] 1#1: getrlimit(RLIMIT_NOFILE): 1048576:1048576
2023/02/11 23:17:53 [notice] 1#1: start worker processes
2023/02/11 23:17:53 [notice] 1#1: start worker process 20
2023/02/11 23:17:53 [notice] 1#1: start worker process 21
